<?xml version="1.0" encoding="UTF-8"?>
<!-- Generated by org.testng.reporters.JUnitReportReporter -->
<testsuite hostname="MATPUNDTD372" name="WordPress.WordPressProject.TestScripts.TC01_ValidLoginUser" tests="1" failures="0" timestamp="22 Sep 2017 14:42:39 GMT" time="40.528" errors="0">
  <testcase name="VerifyValidLogin" time="40.528" classname="WordPress.WordPressProject.TestScripts.TC01_ValidLoginUser"/>
</testsuite> <!-- WordPress.WordPressProject.TestScripts.TC01_ValidLoginUser -->
